0 info it worked if it ends with ok
1 verbose cli [ 'C:\\Program Files\\nodejs\\node.exe',
1 verbose cli   'C:\\Users\\kalin.krustev\\AppData\\Roaming\\npm\\node_modules\\npm\\bin\\npm-cli.js',
1 verbose cli   'run',
1 verbose cli   'test' ]
2 info using npm@3.9.5
3 info using node@v6.10.0
4 verbose run-script [ 'pretest', 'test', 'posttest' ]
5 info lifecycle ut-tools@5.17.24~pretest: ut-tools@5.17.24
6 verbose lifecycle ut-tools@5.17.24~pretest: unsafe-perm in lifecycle true
7 verbose lifecycle ut-tools@5.17.24~pretest: PATH: C:\Users\kalin.krustev\AppData\Roaming\npm\node_modules\npm\bin\node-gyp-bin;E:\ut\ut\node_modules\ut-tools\node_modules\.bin;E:\ut\ut\node_modules\.bin;C:\Program Files\nodejs;C:\ProgramData\Oracle\Java\javapath;c:\Program Files (x86)\Intel\iCLS Client\;c:\Program Files\Intel\iCLS Client\;C:\WINDOWS\system32;C:\WINDOWS;C:\WINDOWS\System32\Wbem;C:\WINDOWS\System32\WindowsPowerShell\v1.0\;C:\Program Files\Intel\Intel(R) Management Engine Components\DAL;C:\Program Files\Intel\Intel(R) Management Engine Components\IPT;C:\Program Files (x86)\Intel\Intel(R) Management Engine Components\DAL;C:\Program Files (x86)\Intel\Intel(R) Management Engine Components\IPT;C:\Program Files (x86)\Hewlett-Packard\HP Performance Advisor;C:\Program Files\Microsoft SQL Server\120\Tools\Binn\;C:\Program Files\Microsoft SQL Server\130\Tools\Binn\;C:\Program Files (x86)\Skype\Phone\;C:\Program Files\nodejs\;C:\Program Files\Git\cmd;C:\Program Files (x86)\Yarn\bin;C:\Program Files\Docker Toolbox;C:\Program Files (x86)\Microsoft VS Code\bin;C:\Users\kalin.krustev\AppData\Local\Microsoft\WindowsApps;C:\Users\kalin.krustev\AppData\Roaming\npm;C:\Users\kalin.krustev\AppData\Local\Yarn\.bin
8 verbose lifecycle ut-tools@5.17.24~pretest: CWD: E:\ut\ut\node_modules\ut-tools
9 silly lifecycle ut-tools@5.17.24~pretest: Args: [ '/d /s /c', './bin/ut-pretest.js' ]
10 silly lifecycle ut-tools@5.17.24~pretest: Returned: code: 1  signal: null
11 info lifecycle ut-tools@5.17.24~pretest: Failed to exec pretest script
12 verbose stack Error: ut-tools@5.17.24 pretest: `./bin/ut-pretest.js`
12 verbose stack Exit status 1
12 verbose stack     at EventEmitter.<anonymous> (C:\Users\kalin.krustev\AppData\Roaming\npm\node_modules\npm\lib\utils\lifecycle.js:245:16)
12 verbose stack     at emitTwo (events.js:106:13)
12 verbose stack     at EventEmitter.emit (events.js:191:7)
12 verbose stack     at ChildProcess.<anonymous> (C:\Users\kalin.krustev\AppData\Roaming\npm\node_modules\npm\lib\utils\spawn.js:24:14)
12 verbose stack     at emitTwo (events.js:106:13)
12 verbose stack     at ChildProcess.emit (events.js:191:7)
12 verbose stack     at maybeClose (internal/child_process.js:877:16)
12 verbose stack     at Process.ChildProcess._handle.onexit (internal/child_process.js:226:5)
13 verbose pkgid ut-tools@5.17.24
14 verbose cwd E:\ut\ut\node_modules\ut-tools
15 error Windows_NT 10.0.14393
16 error argv "C:\\Program Files\\nodejs\\node.exe" "C:\\Users\\kalin.krustev\\AppData\\Roaming\\npm\\node_modules\\npm\\bin\\npm-cli.js" "run" "test"
17 error node v6.10.0
18 error npm  v3.9.5
19 error code ELIFECYCLE
20 error ut-tools@5.17.24 pretest: `./bin/ut-pretest.js`
20 error Exit status 1
21 error Failed at the ut-tools@5.17.24 pretest script './bin/ut-pretest.js'.
21 error Make sure you have the latest version of node.js and npm installed.
21 error If you do, this is most likely a problem with the ut-tools package,
21 error not with npm itself.
21 error Tell the author that this fails on your system:
21 error     ./bin/ut-pretest.js
21 error You can get information on how to open an issue for this project with:
21 error     npm bugs ut-tools
21 error Or if that isn't available, you can get their info via:
21 error     npm owner ls ut-tools
21 error There is likely additional logging output above.
22 verbose exit [ 1, true ]
